356 : 2025-03-17 19:57:47,682 : INFO : telemetry.main : Attempt start. Configuration directory [/home/maria/.azure]. Cache directory [/home/maria/.azure/telemetry/20250317195747460].
356 : 2025-03-17 19:57:47,682 : INFO : telemetry.records : 1 cache files to upload.
356 : 2025-03-17 19:57:47,683 : INFO : telemetry.records : Processed file /home/maria/.azure/telemetry/20250317195747460/cache into 1 records.
356 : 2025-03-17 19:57:47,683 : INFO : telemetry.records : Remove directory /home/maria/.azure/telemetry/20250317195747460
356 : 2025-03-17 19:57:47,684 : INFO : telemetry.client : Accumulated 1 events. Flush the clients.
356 : 2025-03-17 19:57:47,684 : INFO : telemetry.client : Flush client c4395b75-49cc-422c-bc95-c7d51aef5d46.
356 : 2025-03-17 19:57:47,844 : INFO : telemetry.sender : Sending 4403 bytes
356 : 2025-03-17 19:57:47,845 : INFO : telemetry.sender : Finish uploading in 0.160265 seconds.
389 : 2025-03-17 19:57:49,941 : INFO : telemetry.main : Attempt start. Configuration directory [/home/maria/.azure]. Cache directory [/home/maria/.azure/telemetry/20250317195749750].
389 : 2025-03-17 19:57:49,941 : INFO : telemetry.records : 1 cache files to upload.
389 : 2025-03-17 19:57:49,941 : INFO : telemetry.records : Processed file /home/maria/.azure/telemetry/20250317195749750/cache into 1 records.
389 : 2025-03-17 19:57:49,941 : INFO : telemetry.records : Remove directory /home/maria/.azure/telemetry/20250317195749750
389 : 2025-03-17 19:57:49,942 : INFO : telemetry.client : Accumulated 1 events. Flush the clients.
389 : 2025-03-17 19:57:49,942 : INFO : telemetry.client : Flush client c4395b75-49cc-422c-bc95-c7d51aef5d46.
389 : 2025-03-17 19:57:50,115 : INFO : telemetry.sender : Sending 4303 bytes
389 : 2025-03-17 19:57:50,115 : INFO : telemetry.sender : Finish uploading in 0.172968 seconds.
399 : 2025-03-17 19:57:50,488 : INFO : telemetry.main : Attempt start. Configuration directory [/home/maria/.azure]. Cache directory [/home/maria/.azure/telemetry/20250317195750260].
399 : 2025-03-17 19:57:50,488 : INFO : telemetry.records : 1 cache files to upload.
399 : 2025-03-17 19:57:50,489 : INFO : telemetry.records : Processed file /home/maria/.azure/telemetry/20250317195750260/cache into 1 records.
399 : 2025-03-17 19:57:50,489 : INFO : telemetry.records : Remove directory /home/maria/.azure/telemetry/20250317195750260
399 : 2025-03-17 19:57:50,490 : INFO : telemetry.client : Accumulated 1 events. Flush the clients.
399 : 2025-03-17 19:57:50,490 : INFO : telemetry.client : Flush client c4395b75-49cc-422c-bc95-c7d51aef5d46.
399 : 2025-03-17 19:57:50,684 : INFO : telemetry.sender : Sending 4384 bytes
399 : 2025-03-17 19:57:50,685 : INFO : telemetry.sender : Finish uploading in 0.194051 seconds.
414 : 2025-03-17 19:57:51,763 : INFO : telemetry.main : Attempt start. Configuration directory [/home/maria/.azure]. Cache directory [/home/maria/.azure/telemetry/20250317195751642].
414 : 2025-03-17 19:57:51,763 : INFO : telemetry.records : 1 cache files to upload.
414 : 2025-03-17 19:57:51,763 : INFO : telemetry.records : Processed file /home/maria/.azure/telemetry/20250317195751642/cache into 1 records.
414 : 2025-03-17 19:57:51,764 : INFO : telemetry.records : Remove directory /home/maria/.azure/telemetry/20250317195751642
414 : 2025-03-17 19:57:51,764 : INFO : telemetry.client : Accumulated 1 events. Flush the clients.
414 : 2025-03-17 19:57:51,764 : INFO : telemetry.client : Flush client c4395b75-49cc-422c-bc95-c7d51aef5d46.
414 : 2025-03-17 19:57:51,916 : INFO : telemetry.sender : Sending 4416 bytes
414 : 2025-03-17 19:57:51,916 : INFO : telemetry.sender : Finish uploading in 0.151828 seconds.
439 : 2025-03-17 19:58:23,105 : INFO : telemetry.main : Attempt start. Configuration directory [/home/maria/.azure]. Cache directory [/home/maria/.azure/telemetry/20250317195822976].
439 : 2025-03-17 19:58:23,106 : INFO : telemetry.records : 1 cache files to upload.
439 : 2025-03-17 19:58:23,106 : INFO : telemetry.records : Processed file /home/maria/.azure/telemetry/20250317195822976/cache into 1 records.
439 : 2025-03-17 19:58:23,106 : INFO : telemetry.records : Remove directory /home/maria/.azure/telemetry/20250317195822976
439 : 2025-03-17 19:58:23,107 : INFO : telemetry.client : Accumulated 1 events. Flush the clients.
439 : 2025-03-17 19:58:23,107 : INFO : telemetry.client : Flush client c4395b75-49cc-422c-bc95-c7d51aef5d46.
439 : 2025-03-17 19:58:23,253 : INFO : telemetry.sender : Sending 4293 bytes
439 : 2025-03-17 19:58:23,253 : INFO : telemetry.sender : Finish uploading in 0.146308 seconds.
